<?xml version="1.0" encoding="UTF-8"?>
<testng-results skipped="0" failed="0" ignored="0" total="1" passed="1">
  <reporter-output>
  </reporter-output>
  <suite name="Default suite" duration-ms="2331" started-at="2021-12-01T18:17:48 IST" finished-at="2021-12-01T18:17:50 IST">
    <groups>
    </groups>
    <test name="Default test" duration-ms="2331" started-at="2021-12-01T18:17:48 IST" finished-at="2021-12-01T18:17:50 IST">
      <class name="com.api.Response_Code_Validation">
        <test-method status="PASS" signature="data_Validation()[pri:0, instance:com.api.Response_Code_Validation@1500955a]" name="data_Validation" duration-ms="2277" started-at="2021-12-01T18:17:48 IST" finished-at="2021-12-01T18:17:50 IST">
          <reporter-output>
          </reporter-output>
        </test-method> <!-- data_Validation -->
      </class> <!-- com.api.Response_Code_Validation -->
    </test> <!-- Default test -->
  </suite> <!-- Default suite -->
</testng-results>
